*** Start analyzing build configuration ***
*** List of included argument files ***
    Build configuration file:  /home/gabriela.anghel6/labs/p2s_uvm/.dvt/default.build
    -f /home/gabriela.anghel6/labs/p2s_uvm/sim/run.options
*** List of invocations ***
Invocation #1 +dvt_init+ius.irun in /home/gabriela.anghel6/labs/p2s_uvm/.dvt/default.build at line 5
*** Done analyzing build configuration [2s.668ms] ***
*** Start SystemVerilog build ***
*** Loading top files ***
Loading (1) /opt/cadence/incisiv/tools/methodology/UVM/CDNS-1.2/sv/src/uvm_pkg.sv ...
Loading (2) /opt/cadence/incisiv/tools/methodology/UVM/CDNS-1.2/sv/src/uvm_macros.svh ...
Loading (3) /opt/cadence/incisiv/tools/methodology/UVM/CDNS-1.2/sv/src/macros/uvm_version_defines.svh ...
Loading (4) /opt/cadence/incisiv/tools/methodology/UVM/CDNS-1.2/sv/src/macros/uvm_version.svh ...
Done /opt/cadence/incisiv/tools/methodology/UVM/CDNS-1.2/sv/src/macros/uvm_version.svh [253 ms, 3 lines, SystemVerilog_2012] ...
Done /opt/cadence/incisiv/tools/methodology/UVM/CDNS-1.2/sv/src/macros/uvm_version_defines.svh [0 ms, 154 lines, SystemVerilog_2012] ...
Loading (5) /opt/cadence/incisiv/tools/methodology/UVM/CDNS-1.2/sv/src/macros/uvm_message_defines.svh ...
Done /opt/cadence/incisiv/tools/methodology/UVM/CDNS-1.2/sv/src/macros/uvm_message_defines.svh [3711 ms, 539 lines, SystemVerilog_2012] ...
Loading (6) /opt/cadence/incisiv/tools/methodology/UVM/CDNS-1.2/sv/src/macros/uvm_phase_defines.svh ...
Done /opt/cadence/incisiv/tools/methodology/UVM/CDNS-1.2/sv/src/macros/uvm_phase_defines.svh [0 ms, 130 lines, SystemVerilog_2012] ...
Loading (7) /opt/cadence/incisiv/tools/methodology/UVM/CDNS-1.2/sv/src/macros/uvm_object_defines.svh ...
Done /opt/cadence/incisiv/tools/methodology/UVM/CDNS-1.2/sv/src/macros/uvm_object_defines.svh [100 ms, 3827 lines, SystemVerilog_2012] ...
Loading (8) /opt/cadence/incisiv/tools/methodology/UVM/CDNS-1.2/sv/src/macros/uvm_printer_defines.svh ...
Done /opt/cadence/incisiv/tools/methodology/UVM/CDNS-1.2/sv/src/macros/uvm_printer_defines.svh [51 ms, 423 lines, SystemVerilog_2012] ...
Loading (9) /opt/cadence/incisiv/tools/methodology/UVM/CDNS-1.2/sv/src/macros/uvm_tlm_defines.svh ...
Loading (10) /opt/cadence/incisiv/tools/methodology/UVM/CDNS-1.2/sv/src/tlm1/uvm_tlm_imps.svh ...
Done /opt/cadence/incisiv/tools/methodology/UVM/CDNS-1.2/sv/src/tlm1/uvm_tlm_imps.svh [1303 ms, 293 lines, SystemVerilog_2012] ...
Done /opt/cadence/incisiv/tools/methodology/UVM/CDNS-1.2/sv/src/macros/uvm_tlm_defines.svh [0 ms, 617 lines, SystemVerilog_2012] ...
Loading (11) /opt/cadence/incisiv/tools/methodology/UVM/CDNS-1.2/sv/src/macros/uvm_sequence_defines.svh ...
Done /opt/cadence/incisiv/tools/methodology/UVM/CDNS-1.2/sv/src/macros/uvm_sequence_defines.svh [50 ms, 456 lines, SystemVerilog_2012] ...
Loading (12) /opt/cadence/incisiv/tools/methodology/UVM/CDNS-1.2/sv/src/macros/uvm_callback_defines.svh ...
Done /opt/cadence/incisiv/tools/methodology/UVM/CDNS-1.2/sv/src/macros/uvm_callback_defines.svh [2614 ms, 301 lines, SystemVerilog_2012] ...
Loading (13) /opt/cadence/incisiv/tools/methodology/UVM/CDNS-1.2/sv/src/macros/uvm_reg_defines.svh ...
Done /opt/cadence/incisiv/tools/methodology/UVM/CDNS-1.2/sv/src/macros/uvm_reg_defines.svh [0 ms, 69 lines, SystemVerilog_2012] ...
Loading (14) /opt/cadence/incisiv/tools/methodology/UVM/CDNS-1.2/sv/src/macros/uvm_deprecated_defines.svh ...
Done /opt/cadence/incisiv/tools/methodology/UVM/CDNS-1.2/sv/src/macros/uvm_deprecated_defines.svh [0 ms, 252 lines, SystemVerilog_2012] ...
Done /opt/cadence/incisiv/tools/methodology/UVM/CDNS-1.2/sv/src/uvm_macros.svh [0 ms, 81 lines, SystemVerilog_2012] ...
Loading (15) /opt/cadence/incisiv/tools/methodology/UVM/CDNS-1.2/sv/src/dpi/uvm_dpi.svh ...
Loading (16) /opt/cadence/incisiv/tools/methodology/UVM/CDNS-1.2/sv/src/dpi/uvm_hdl.svh ...
Done /opt/cadence/incisiv/tools/methodology/UVM/CDNS-1.2/sv/src/dpi/uvm_hdl.svh [11 ms, 164 lines, SystemVerilog_2012] ...
Loading (17) /opt/cadence/incisiv/tools/methodology/UVM/CDNS-1.2/sv/src/dpi/uvm_svcmd_dpi.svh ...
Done /opt/cadence/incisiv/tools/methodology/UVM/CDNS-1.2/sv/src/dpi/uvm_svcmd_dpi.svh [2 ms, 66 lines, SystemVerilog_2012] ...
Loading (18) /opt/cadence/incisiv/tools/methodology/UVM/CDNS-1.2/sv/src/dpi/uvm_regex.svh ...
Done /opt/cadence/incisiv/tools/methodology/UVM/CDNS-1.2/sv/src/dpi/uvm_regex.svh [1 ms, 93 lines, SystemVerilog_2012] ...
Done /opt/cadence/incisiv/tools/methodology/UVM/CDNS-1.2/sv/src/dpi/uvm_dpi.svh [0 ms, 44 lines, SystemVerilog_2012] ...
Loading (19) /opt/cadence/incisiv/tools/methodology/UVM/CDNS-1.2/sv/src/base/uvm_base.svh ...
Loading (20) /opt/cadence/incisiv/tools/methodology/UVM/CDNS-1.2/sv/src/base/uvm_coreservice.svh ...
Done /opt/cadence/incisiv/tools/methodology/UVM/CDNS-1.2/sv/src/base/uvm_coreservice.svh [13 ms, 224 lines, SystemVerilog_2012] ...
Loading (21) /opt/cadence/incisiv/tools/methodology/UVM/CDNS-1.2/sv/src/base/uvm_version.svh ...
Done /opt/cadence/incisiv/tools/methodology/UVM/CDNS-1.2/sv/src/base/uvm_version.svh [2 ms, 39 lines, SystemVerilog_2012] ...
Loading (22) /opt/cadence/incisiv/tools/methodology/UVM/CDNS-1.2/sv/src/base/uvm_object_globals.svh ...
Done /opt/cadence/incisiv/tools/methodology/UVM/CDNS-1.2/sv/src/base/uvm_object_globals.svh [24 ms, 680 lines, SystemVerilog_2012] ...
Loading (23) /opt/cadence/incisiv/tools/methodology/UVM/CDNS-1.2/sv/src/base/uvm_misc.svh ...
Done /opt/cadence/incisiv/tools/methodology/UVM/CDNS-1.2/sv/src/base/uvm_misc.svh [152 ms, 754 lines, SystemVerilog_2012] ...
Loading (24) /opt/cadence/incisiv/tools/methodology/UVM/CDNS-1.2/sv/src/base/uvm_object.svh ...
Done /opt/cadence/incisiv/tools/methodology/UVM/CDNS-1.2/sv/src/base/uvm_object.svh [96 ms, 1331 lines, SystemVerilog_2012] ...
Loading (25) /opt/cadence/incisiv/tools/methodology/UVM/CDNS-1.2/sv/src/base/uvm_pool.svh ...
Done /opt/cadence/incisiv/tools/methodology/UVM/CDNS-1.2/sv/src/base/uvm_pool.svh [28 ms, 348 lines, SystemVerilog_2012] ...
Loading (26) /opt/cadence/incisiv/tools/methodology/UVM/CDNS-1.2/sv/src/base/uvm_queue.svh ...
Done /opt/cadence/incisiv/tools/methodology/UVM/CDNS-1.2/sv/src/base/uvm_queue.svh [17 ms, 204 lines, SystemVerilog_2012] ...
Loading (27) /opt/cadence/incisiv/tools/methodology/UVM/CDNS-1.2/sv/src/base/uvm_factory.svh ...
Done /opt/cadence/incisiv/tools/methodology/UVM/CDNS-1.2/sv/src/base/uvm_factory.svh [157 ms, 1790 lines, SystemVerilog_2012] ...
Loading (28) /opt/cadence/incisiv/tools/methodology/UVM/CDNS-1.2/sv/src/base/uvm_registry.svh ...
Done /opt/cadence/incisiv/tools/methodology/UVM/CDNS-1.2/sv/src/base/uvm_registry.svh [26 ms, 381 lines, SystemVerilog_2012] ...
Loading (29) /opt/cadence/incisiv/tools/methodology/UVM/CDNS-1.2/sv/src/base/uvm_spell_chkr.svh ...
Done /opt/cadence/incisiv/tools/methodology/UVM/CDNS-1.2/sv/src/base/uvm_spell_chkr.svh [16 ms, 204 lines, SystemVerilog_2012] ...
Loading (30) /opt/cadence/incisiv/tools/methodology/UVM/CDNS-1.2/sv/src/base/uvm_resource.svh ...
Done /opt/cadence/incisiv/tools/methodology/UVM/CDNS-1.2/sv/src/base/uvm_resource.svh [96 ms, 1720 lines, SystemVerilog_2012] ...
Loading (31) /opt/cadence/incisiv/tools/methodology/UVM/CDNS-1.2/sv/src/base/uvm_resource_specializations.svh ...
Done /opt/cadence/incisiv/tools/methodology/UVM/CDNS-1.2/sv/src/base/uvm_resource_specializations.svh [31 ms, 171 lines, SystemVerilog_2012] ...
Loading (32) /opt/cadence/incisiv/tools/methodology/UVM/CDNS-1.2/sv/src/base/uvm_resource_db.svh ...
Done /opt/cadence/incisiv/tools/methodology/UVM/CDNS-1.2/sv/src/base/uvm_resource_db.svh [27 ms, 400 lines, SystemVerilog_2012] ...
Loading (33) /opt/cadence/incisiv/tools/methodology/UVM/CDNS-1.2/sv/src/base/uvm_config_db.svh ...
Done /opt/cadence/incisiv/tools/methodology/UVM/CDNS-1.2/sv/src/base/uvm_config_db.svh [28 ms, 411 lines, SystemVerilog_2012] ...
Loading (34) /opt/cadence/incisiv/tools/methodology/UVM/CDNS-1.2/sv/src/base/uvm_printer.svh ...
Done /opt/cadence/incisiv/tools/methodology/UVM/CDNS-1.2/sv/src/base/uvm_printer.svh [85 ms, 1239 lines, SystemVerilog_2012] ...
Loading (35) /opt/cadence/incisiv/tools/methodology/UVM/CDNS-1.2/sv/src/base/uvm_comparer.svh ...
Done /opt/cadence/incisiv/tools/methodology/UVM/CDNS-1.2/sv/src/base/uvm_comparer.svh [32 ms, 423 lines, SystemVerilog_2012] ...
Loading (36) /opt/cadence/incisiv/tools/methodology/UVM/CDNS-1.2/sv/src/base/uvm_packer.svh ...
Done /opt/cadence/incisiv/tools/methodology/UVM/CDNS-1.2/sv/src/base/uvm_packer.svh [84 ms, 1099 lines, SystemVerilog_2012] ...
Loading (37) /opt/cadence/incisiv/tools/methodology/UVM/CDNS-1.2/sv/src/base/uvm_links.svh ...
Done /opt/cadence/incisiv/tools/methodology/UVM/CDNS-1.2/sv/src/base/uvm_links.svh [23 ms, 371 lines, SystemVerilog_2012] ...
Loading (38) /opt/cadence/incisiv/tools/methodology/UVM/CDNS-1.2/sv/src/base/uvm_tr_database.svh ...
Done /opt/cadence/incisiv/tools/methodology/UVM/CDNS-1.2/sv/src/base/uvm_tr_database.svh [36 ms, 433 lines, SystemVerilog_2012] ...
Loading (39) /opt/cadence/incisiv/tools/methodology/UVM/CDNS-1.2/sv/src/base/uvm_tr_stream.svh ...
Done /opt/cadence/incisiv/tools/methodology/UVM/CDNS-1.2/sv/src/base/uvm_tr_stream.svh [34 ms, 592 lines, SystemVerilog_2012] ...
Loading (40) /opt/cadence/incisiv/tools/methodology/UVM/CDNS-1.2/sv/src/base/uvm_recorder.svh ...
Done /opt/cadence/incisiv/tools/methodology/UVM/CDNS-1.2/sv/src/base/uvm_recorder.svh [55 ms, 1141 lines, SystemVerilog_2012] ...
Loading (41) /opt/cadence/incisiv/tools/methodology/UVM/CDNS-1.2/sv/src/base/uvm_event_callback.svh ...
Done /opt/cadence/incisiv/tools/methodology/UVM/CDNS-1.2/sv/src/base/uvm_event_callback.svh [2 ms, 91 lines, SystemVerilog_2012] ...
Loading (42) /opt/cadence/incisiv/tools/methodology/UVM/CDNS-1.2/sv/src/base/uvm_event.svh ...
Done /opt/cadence/incisiv/tools/methodology/UVM/CDNS-1.2/sv/src/base/uvm_event.svh [22 ms, 395 lines, SystemVerilog_2012] ...
Loading (43) /opt/cadence/incisiv/tools/methodology/UVM/CDNS-1.2/sv/src/base/uvm_barrier.svh ...
Done /opt/cadence/incisiv/tools/methodology/UVM/CDNS-1.2/sv/src/base/uvm_barrier.svh [10 ms, 210 lines, SystemVerilog_2012] ...
Loading (44) /opt/cadence/incisiv/tools/methodology/UVM/CDNS-1.2/sv/src/base/uvm_callback.svh ...
Loading (45) /opt/cadence/incisiv/tools/methodology/UVM/CDNS-1.2/sv/src/uvm_macros.svh ...
Done /opt/cadence/incisiv/tools/methodology/UVM/CDNS-1.2/sv/src/uvm_macros.svh [1 ms, 81 lines, SystemVerilog_2012] ...
Done /opt/cadence/incisiv/tools/methodology/UVM/CDNS-1.2/sv/src/base/uvm_callback.svh [89 ms, 1199 lines, SystemVerilog_2012] ...
Loading (46) /opt/cadence/incisiv/tools/methodology/UVM/CDNS-1.2/sv/src/base/uvm_report_message.svh ...
Done /opt/cadence/incisiv/tools/methodology/UVM/CDNS-1.2/sv/src/base/uvm_report_message.svh [44 ms, 940 lines, SystemVerilog_2012] ...
Loading (47) /opt/cadence/incisiv/tools/methodology/UVM/CDNS-1.2/sv/src/base/uvm_report_catcher.svh ...
Done /opt/cadence/incisiv/tools/methodology/UVM/CDNS-1.2/sv/src/base/uvm_report_catcher.svh [30 ms, 713 lines, SystemVerilog_2012] ...
Loading (48) /opt/cadence/incisiv/tools/methodology/UVM/CDNS-1.2/sv/src/base/uvm_report_server.svh ...
Done /opt/cadence/incisiv/tools/methodology/UVM/CDNS-1.2/sv/src/base/uvm_report_server.svh [41 ms, 923 lines, SystemVerilog_2012] ...
Loading (49) /opt/cadence/incisiv/tools/methodology/UVM/CDNS-1.2/sv/src/base/uvm_report_handler.svh ...
Done /opt/cadence/incisiv/tools/methodology/UVM/CDNS-1.2/sv/src/base/uvm_report_handler.svh [52 ms, 801 lines, SystemVerilog_2012] ...
Loading (50) /opt/cadence/incisiv/tools/methodology/UVM/CDNS-1.2/sv/src/base/uvm_report_object.svh ...
Done /opt/cadence/incisiv/tools/methodology/UVM/CDNS-1.2/sv/src/base/uvm_report_object.svh [14 ms, 660 lines, SystemVerilog_2012] ...
Loading (51) /opt/cadence/incisiv/tools/methodology/UVM/CDNS-1.2/sv/src/base/uvm_transaction.svh ...
Done /opt/cadence/incisiv/tools/methodology/UVM/CDNS-1.2/sv/src/base/uvm_transaction.svh [17 ms, 781 lines, SystemVerilog_2012] ...
Loading (52) /opt/cadence/incisiv/tools/methodology/UVM/CDNS-1.2/sv/src/base/uvm_phase.svh ...
Done /opt/cadence/incisiv/tools/methodology/UVM/CDNS-1.2/sv/src/base/uvm_phase.svh [157 ms, 2394 lines, SystemVerilog_2012] ...
Loading (53) /opt/cadence/incisiv/tools/methodology/UVM/CDNS-1.2/sv/src/base/uvm_domain.svh ...
Done /opt/cadence/incisiv/tools/methodology/UVM/CDNS-1.2/sv/src/base/uvm_domain.svh [15 ms, 219 lines, SystemVerilog_2012] ...
Loading (54) /opt/cadence/incisiv/tools/methodology/UVM/CDNS-1.2/sv/src/base/uvm_bottomup_phase.svh ...
Done /opt/cadence/incisiv/tools/methodology/UVM/CDNS-1.2/sv/src/base/uvm_bottomup_phase.svh [6 ms, 113 lines, SystemVerilog_2012] ...
Loading (55) /opt/cadence/incisiv/tools/methodology/UVM/CDNS-1.2/sv/src/base/uvm_topdown_phase.svh ...
Done /opt/cadence/incisiv/tools/methodology/UVM/CDNS-1.2/sv/src/base/uvm_topdown_phase.svh [6 ms, 115 lines, SystemVerilog_2012] ...
Loading (56) /opt/cadence/incisiv/tools/methodology/UVM/CDNS-1.2/sv/src/base/uvm_task_phase.svh ...
Done /opt/cadence/incisiv/tools/methodology/UVM/CDNS-1.2/sv/src/base/uvm_task_phase.svh [7 ms, 162 lines, SystemVerilog_2012] ...
Loading (57) /opt/cadence/incisiv/tools/methodology/UVM/CDNS-1.2/sv/src/base/uvm_common_phases.svh ...
Done /opt/cadence/incisiv/tools/methodology/UVM/CDNS-1.2/sv/src/base/uvm_common_phases.svh [10 ms, 452 lines, SystemVerilog_2012] ...
Loading (58) /opt/cadence/incisiv/tools/methodology/UVM/CDNS-1.2/sv/src/base/uvm_runtime_phases.svh ...
Done /opt/cadence/incisiv/tools/methodology/UVM/CDNS-1.2/sv/src/base/uvm_runtime_phases.svh [12 ms, 556 lines, SystemVerilog_2012] ...
Loading (59) /opt/cadence/incisiv/tools/methodology/UVM/CDNS-1.2/sv/src/base/uvm_component.svh ...
Loading (60) /opt/cadence/incisiv/tools/methodology/UVM/CDNS-1.2/sv/src/base/uvm_root.svh ...
Done /opt/cadence/incisiv/tools/methodology/UVM/CDNS-1.2/sv/src/base/uvm_root.svh [87 ms, 1221 lines, SystemVerilog_2012] ...
Done /opt/cadence/incisiv/tools/methodology/UVM/CDNS-1.2/sv/src/base/uvm_component.svh [125 ms, 3640 lines, SystemVerilog_2012] ...
Loading (61) /opt/cadence/incisiv/tools/methodology/UVM/CDNS-1.2/sv/src/base/uvm_objection.svh ...
Done /opt/cadence/incisiv/tools/methodology/UVM/CDNS-1.2/sv/src/base/uvm_objection.svh [82 ms, 1454 lines, SystemVerilog_2012] ...
Loading (62) /opt/cadence/incisiv/tools/methodology/UVM/CDNS-1.2/sv/src/base/uvm_heartbeat.svh ...
Done /opt/cadence/incisiv/tools/methodology/UVM/CDNS-1.2/sv/src/base/uvm_heartbeat.svh [20 ms, 342 lines, SystemVerilog_2012] ...
Loading (63) /opt/cadence/incisiv/tools/methodology/UVM/CDNS-1.2/sv/src/base/uvm_globals.svh ...
Done /opt/cadence/incisiv/tools/methodology/UVM/CDNS-1.2/sv/src/base/uvm_globals.svh [21 ms, 574 lines, SystemVerilog_2012] ...
Loading (64) /opt/cadence/incisiv/tools/methodology/UVM/CDNS-1.2/sv/src/base/uvm_cmdline_processor.svh ...
Done /opt/cadence/incisiv/tools/methodology/UVM/CDNS-1.2/sv/src/base/uvm_cmdline_processor.svh [10 ms, 462 lines, SystemVerilog_2012] ...
Loading (65) /opt/cadence/incisiv/tools/methodology/UVM/CDNS-1.2/sv/src/base/uvm_traversal.svh ...
Done /opt/cadence/incisiv/tools/methodology/UVM/CDNS-1.2/sv/src/base/uvm_traversal.svh [13 ms, 289 lines, SystemVerilog_2012] ...
Loading (66) /opt/cadence/incisiv/tools/methodology/UVM/CDNS-1.2/sv/src/base/uvm_if_base.svh ...
Done /opt/cadence/incisiv/tools/methodology/UVM/CDNS-1.2/sv/src/base/uvm_if_base.svh [8 ms, 264 lines, SystemVerilog_2012] ...
Done /opt/cadence/incisiv/tools/methodology/UVM/CDNS-1.2/sv/src/base/uvm_base.svh [0 ms, 123 lines, SystemVerilog_2012] ...
Loading (67) /opt/cadence/incisiv/tools/methodology/UVM/CDNS-1.2/sv/src/dap/uvm_dap.svh ...
Loading (68) /opt/cadence/incisiv/tools/methodology/UVM/CDNS-1.2/sv/src/dap/uvm_set_get_dap_base.svh ...
Done /opt/cadence/incisiv/tools/methodology/UVM/CDNS-1.2/sv/src/dap/uvm_set_get_dap_base.svh [2 ms, 84 lines, SystemVerilog_2012] ...
Loading (69) /opt/cadence/incisiv/tools/methodology/UVM/CDNS-1.2/sv/src/dap/uvm_simple_lock_dap.svh ...
Done /opt/cadence/incisiv/tools/methodology/UVM/CDNS-1.2/sv/src/dap/uvm_simple_lock_dap.svh [11 ms, 179 lines, SystemVerilog_2012] ...
Loading (70) /opt/cadence/incisiv/tools/methodology/UVM/CDNS-1.2/sv/src/dap/uvm_get_to_lock_dap.svh ...
Done /opt/cadence/incisiv/tools/methodology/UVM/CDNS-1.2/sv/src/dap/uvm_get_to_lock_dap.svh [10 ms, 155 lines, SystemVerilog_2012] ...
Loading (71) /opt/cadence/incisiv/tools/methodology/UVM/CDNS-1.2/sv/src/dap/uvm_set_before_get_dap.svh ...
Done /opt/cadence/incisiv/tools/methodology/UVM/CDNS-1.2/sv/src/dap/uvm_set_before_get_dap.svh [9 ms, 185 lines, SystemVerilog_2012] ...
Done /opt/cadence/incisiv/tools/methodology/UVM/CDNS-1.2/sv/src/dap/uvm_dap.svh [0 ms, 35 lines, SystemVerilog_2012] ...
Loading (72) /opt/cadence/incisiv/tools/methodology/UVM/CDNS-1.2/sv/src/tlm1/uvm_tlm.svh ...
Loading (73) /opt/cadence/incisiv/tools/methodology/UVM/CDNS-1.2/sv/src/tlm1/uvm_tlm_ifs.svh ...
Done /opt/cadence/incisiv/tools/methodology/UVM/CDNS-1.2/sv/src/tlm1/uvm_tlm_ifs.svh [9 ms, 293 lines, SystemVerilog_2012] ...
Loading (74) /opt/cadence/incisiv/tools/methodology/UVM/CDNS-1.2/sv/src/tlm1/uvm_sqr_ifs.svh ...
Done /opt/cadence/incisiv/tools/methodology/UVM/CDNS-1.2/sv/src/tlm1/uvm_sqr_ifs.svh [3 ms, 253 lines, SystemVerilog_2012] ...
Loading (75) /opt/cadence/incisiv/tools/methodology/UVM/CDNS-1.2/sv/src/base/uvm_port_base.svh ...
Done /opt/cadence/incisiv/tools/methodology/UVM/CDNS-1.2/sv/src/base/uvm_port_base.svh [30 ms, 829 lines, SystemVerilog_2012] ...
Loading (76) /opt/cadence/incisiv/tools/methodology/UVM/CDNS-1.2/sv/src/tlm1/uvm_tlm_imps.svh ...
Done /opt/cadence/incisiv/tools/methodology/UVM/CDNS-1.2/sv/src/tlm1/uvm_tlm_imps.svh [0 ms, 293 lines, SystemVerilog_2012] ...
Loading (77) /opt/cadence/incisiv/tools/methodology/UVM/CDNS-1.2/sv/src/tlm1/uvm_imps.svh ...
Done /opt/cadence/incisiv/tools/methodology/UVM/CDNS-1.2/sv/src/tlm1/uvm_imps.svh [77 ms, 317 lines, SystemVerilog_2012] ...
Loading (78) /opt/cadence/incisiv/tools/methodology/UVM/CDNS-1.2/sv/src/tlm1/uvm_ports.svh ...
Done /opt/cadence/incisiv/tools/methodology/UVM/CDNS-1.2/sv/src/tlm1/uvm_ports.svh [74 ms, 263 lines, SystemVerilog_2012] ...
Loading (79) /opt/cadence/incisiv/tools/methodology/UVM/CDNS-1.2/sv/src/tlm1/uvm_exports.svh ...
Done /opt/cadence/incisiv/tools/methodology/UVM/CDNS-1.2/sv/src/tlm1/uvm_exports.svh [69 ms, 260 lines, SystemVerilog_2012] ...
Loading (80) /opt/cadence/incisiv/tools/methodology/UVM/CDNS-1.2/sv/src/tlm1/uvm_analysis_port.svh ...
Done /opt/cadence/incisiv/tools/methodology/UVM/CDNS-1.2/sv/src/tlm1/uvm_analysis_port.svh [6 ms, 167 lines, SystemVerilog_2012] ...
Loading (81) /opt/cadence/incisiv/tools/methodology/UVM/CDNS-1.2/sv/src/tlm1/uvm_tlm_fifo_base.svh ...
Done /opt/cadence/incisiv/tools/methodology/UVM/CDNS-1.2/sv/src/tlm1/uvm_tlm_fifo_base.svh [8 ms, 253 lines, SystemVerilog_2012] ...
Loading (82) /opt/cadence/incisiv/tools/methodology/UVM/CDNS-1.2/sv/src/tlm1/uvm_tlm_fifos.svh ...
Done /opt/cadence/incisiv/tools/methodology/UVM/CDNS-1.2/sv/src/tlm1/uvm_tlm_fifos.svh [8 ms, 239 lines, SystemVerilog_2012] ...
Loading (83) /opt/cadence/incisiv/tools/methodology/UVM/CDNS-1.2/sv/src/tlm1/uvm_tlm_req_rsp.svh ...
Done /opt/cadence/incisiv/tools/methodology/UVM/CDNS-1.2/sv/src/tlm1/uvm_tlm_req_rsp.svh [7 ms, 349 lines, SystemVerilog_2012] ...
Loading (84) /opt/cadence/incisiv/tools/methodology/UVM/CDNS-1.2/sv/src/tlm1/uvm_sqr_connections.svh ...
Done /opt/cadence/incisiv/tools/methodology/UVM/CDNS-1.2/sv/src/tlm1/uvm_sqr_connections.svh [10 ms, 84 lines, SystemVerilog_2012] ...
Done /opt/cadence/incisiv/tools/methodology/UVM/CDNS-1.2/sv/src/tlm1/uvm_tlm.svh [0 ms, 40 lines, SystemVerilog_2012] ...
Loading (85) /opt/cadence/incisiv/tools/methodology/UVM/CDNS-1.2/sv/src/comps/uvm_comps.svh ...
Loading (86) /opt/cadence/incisiv/tools/methodology/UVM/CDNS-1.2/sv/src/comps/uvm_pair.svh ...
Done /opt/cadence/incisiv/tools/methodology/UVM/CDNS-1.2/sv/src/comps/uvm_pair.svh [11 ms, 171 lines, SystemVerilog_2012] ...
Loading (87) /opt/cadence/incisiv/tools/methodology/UVM/CDNS-1.2/sv/src/comps/uvm_policies.svh ...
Done /opt/cadence/incisiv/tools/methodology/UVM/CDNS-1.2/sv/src/comps/uvm_policies.svh [2 ms, 142 lines, SystemVerilog_2012] ...
Loading (88) /opt/cadence/incisiv/tools/methodology/UVM/CDNS-1.2/sv/src/comps/uvm_in_order_comparator.svh ...
Done /opt/cadence/incisiv/tools/methodology/UVM/CDNS-1.2/sv/src/comps/uvm_in_order_comparator.svh [7 ms, 260 lines, SystemVerilog_2012] ...
Loading (89) /opt/cadence/incisiv/tools/methodology/UVM/CDNS-1.2/sv/src/comps/uvm_algorithmic_comparator.svh ...
Done /opt/cadence/incisiv/tools/methodology/UVM/CDNS-1.2/sv/src/comps/uvm_algorithmic_comparator.svh [2 ms, 135 lines, SystemVerilog_2012] ...
Loading (90) /opt/cadence/incisiv/tools/methodology/UVM/CDNS-1.2/sv/src/comps/uvm_random_stimulus.svh ...
Done /opt/cadence/incisiv/tools/methodology/UVM/CDNS-1.2/sv/src/comps/uvm_random_stimulus.svh [4 ms, 132 lines, SystemVerilog_2012] ...
Loading (91) /opt/cadence/incisiv/tools/methodology/UVM/CDNS-1.2/sv/src/comps/uvm_subscriber.svh ...
Done /opt/cadence/incisiv/tools/methodology/UVM/CDNS-1.2/sv/src/comps/uvm_subscriber.svh [1 ms, 68 lines, SystemVerilog_2012] ...
Loading (92) /opt/cadence/incisiv/tools/methodology/UVM/CDNS-1.2/sv/src/comps/uvm_monitor.svh ...
Done /opt/cadence/incisiv/tools/methodology/UVM/CDNS-1.2/sv/src/comps/uvm_monitor.svh [1 ms, 54 lines, SystemVerilog_2012] ...
Loading (93) /opt/cadence/incisiv/tools/methodology/UVM/CDNS-1.2/sv/src/comps/uvm_driver.svh ...
Done /opt/cadence/incisiv/tools/methodology/UVM/CDNS-1.2/sv/src/comps/uvm_driver.svh [1 ms, 89 lines, SystemVerilog_2012] ...
Loading (94) /opt/cadence/incisiv/tools/methodology/UVM/CDNS-1.2/sv/src/comps/uvm_push_driver.svh ...
Done /opt/cadence/incisiv/tools/methodology/UVM/CDNS-1.2/sv/src/comps/uvm_push_driver.svh [2 ms, 97 lines, SystemVerilog_2012] ...
Loading (95) /opt/cadence/incisiv/tools/methodology/UVM/CDNS-1.2/sv/src/comps/uvm_scoreboard.svh ...
Done /opt/cadence/incisiv/tools/methodology/UVM/CDNS-1.2/sv/src/comps/uvm_scoreboard.svh [3 ms, 56 lines, SystemVerilog_2012] ...
Loading (96) /opt/cadence/incisiv/tools/methodology/UVM/CDNS-1.2/sv/src/comps/uvm_agent.svh ...
Done /opt/cadence/incisiv/tools/methodology/UVM/CDNS-1.2/sv/src/comps/uvm_agent.svh [6 ms, 136 lines, SystemVerilog_2012] ...
Loading (97) /opt/cadence/incisiv/tools/methodology/UVM/CDNS-1.2/sv/src/comps/uvm_env.svh ...
Done /opt/cadence/incisiv/tools/methodology/UVM/CDNS-1.2/sv/src/comps/uvm_env.svh [1 ms, 54 lines, SystemVerilog_2012] ...
Loading (98) /opt/cadence/incisiv/tools/methodology/UVM/CDNS-1.2/sv/src/comps/uvm_test.svh ...
Done /opt/cadence/incisiv/tools/methodology/UVM/CDNS-1.2/sv/src/comps/uvm_test.svh [0 ms, 82 lines, SystemVerilog_2012] ...
Done /opt/cadence/incisiv/tools/methodology/UVM/CDNS-1.2/sv/src/comps/uvm_comps.svh [0 ms, 37 lines, SystemVerilog_2012] ...
Loading (99) /opt/cadence/incisiv/tools/methodology/UVM/CDNS-1.2/sv/src/seq/uvm_seq.svh ...
Loading (100) /opt/cadence/incisiv/tools/methodology/UVM/CDNS-1.2/sv/src/seq/uvm_sequence_item.svh ...
Done /opt/cadence/incisiv/tools/methodology/UVM/CDNS-1.2/sv/src/seq/uvm_sequence_item.svh [20 ms, 498 lines, SystemVerilog_2012] ...
Loading (101) /opt/cadence/incisiv/tools/methodology/UVM/CDNS-1.2/sv/src/seq/uvm_sequencer_base.svh ...
Done /opt/cadence/incisiv/tools/methodology/UVM/CDNS-1.2/sv/src/seq/uvm_sequencer_base.svh [69 ms, 1775 lines, SystemVerilog_2012] ...
Loading (102) /opt/cadence/incisiv/tools/methodology/UVM/CDNS-1.2/sv/src/seq/uvm_sequencer_analysis_fifo.svh ...
Done /opt/cadence/incisiv/tools/methodology/UVM/CDNS-1.2/sv/src/seq/uvm_sequencer_analysis_fifo.svh [1 ms, 39 lines, SystemVerilog_2012] ...
Loading (103) /opt/cadence/incisiv/tools/methodology/UVM/CDNS-1.2/sv/src/seq/uvm_sequencer_param_base.svh ...
Done /opt/cadence/incisiv/tools/methodology/UVM/CDNS-1.2/sv/src/seq/uvm_sequencer_param_base.svh [15 ms, 460 lines, SystemVerilog_2012] ...
Loading (104) /opt/cadence/incisiv/tools/methodology/UVM/CDNS-1.2/sv/src/seq/uvm_sequencer.svh ...
Done /opt/cadence/incisiv/tools/methodology/UVM/CDNS-1.2/sv/src/seq/uvm_sequencer.svh [9 ms, 347 lines, SystemVerilog_2012] ...
Loading (105) /opt/cadence/incisiv/tools/methodology/UVM/CDNS-1.2/sv/src/seq/uvm_push_sequencer.svh ...
Done /opt/cadence/incisiv/tools/methodology/UVM/CDNS-1.2/sv/src/seq/uvm_push_sequencer.svh [2 ms, 85 lines, SystemVerilog_2012] ...
Loading (106) /opt/cadence/incisiv/tools/methodology/UVM/CDNS-1.2/sv/src/seq/uvm_sequence_base.svh ...
Done /opt/cadence/incisiv/tools/methodology/UVM/CDNS-1.2/sv/src/seq/uvm_sequence_base.svh [41 ms, 1350 lines, SystemVerilog_2012] ...
Loading (107) /opt/cadence/incisiv/tools/methodology/UVM/CDNS-1.2/sv/src/seq/uvm_sequence.svh ...
Done /opt/cadence/incisiv/tools/methodology/UVM/CDNS-1.2/sv/src/seq/uvm_sequence.svh [4 ms, 148 lines, SystemVerilog_2012] ...
Loading (108) /opt/cadence/incisiv/tools/methodology/UVM/CDNS-1.2/sv/src/seq/uvm_sequence_library.svh ...
Done /opt/cadence/incisiv/tools/methodology/UVM/CDNS-1.2/sv/src/seq/uvm_sequence_library.svh [52 ms, 813 lines, SystemVerilog_2012] ...
Loading (109) /opt/cadence/incisiv/tools/methodology/UVM/CDNS-1.2/sv/src/seq/uvm_sequence_builtin.svh ...
Done /opt/cadence/incisiv/tools/methodology/UVM/CDNS-1.2/sv/src/seq/uvm_sequence_builtin.svh [23 ms, 301 lines, SystemVerilog_2012] ...
Done /opt/cadence/incisiv/tools/methodology/UVM/CDNS-1.2/sv/src/seq/uvm_seq.svh [0 ms, 40 lines, SystemVerilog_2012] ...
Loading (110) /opt/cadence/incisiv/tools/methodology/UVM/CDNS-1.2/sv/src/tlm2/uvm_tlm2.svh ...
Loading (111) /opt/cadence/incisiv/tools/methodology/UVM/CDNS-1.2/sv/src/tlm2/uvm_tlm2_defines.svh ...
Done /opt/cadence/incisiv/tools/methodology/UVM/CDNS-1.2/sv/src/tlm2/uvm_tlm2_defines.svh [0 ms, 45 lines, SystemVerilog_2012] ...
Loading (112) /opt/cadence/incisiv/tools/methodology/UVM/CDNS-1.2/sv/src/tlm2/uvm_tlm2_time.svh ...
Done /opt/cadence/incisiv/tools/methodology/UVM/CDNS-1.2/sv/src/tlm2/uvm_tlm2_time.svh [7 ms, 333 lines, SystemVerilog_2012] ...
Loading (113) /opt/cadence/incisiv/tools/methodology/UVM/CDNS-1.2/sv/src/tlm2/uvm_tlm2_generic_payload.svh ...
Done /opt/cadence/incisiv/tools/methodology/UVM/CDNS-1.2/sv/src/tlm2/uvm_tlm2_generic_payload.svh [76 ms, 1053 lines, SystemVerilog_2012] ...
Loading (114) /opt/cadence/incisiv/tools/methodology/UVM/CDNS-1.2/sv/src/tlm2/uvm_tlm2_ifs.svh ...
Done /opt/cadence/incisiv/tools/methodology/UVM/CDNS-1.2/sv/src/tlm2/uvm_tlm2_ifs.svh [5 ms, 178 lines, SystemVerilog_2012] ...
Loading (115) /opt/cadence/incisiv/tools/methodology/UVM/CDNS-1.2/sv/src/tlm2/uvm_tlm2_imps.svh ...
Done /opt/cadence/incisiv/tools/methodology/UVM/CDNS-1.2/sv/src/tlm2/uvm_tlm2_imps.svh [8 ms, 203 lines, SystemVerilog_2012] ...
Loading (116) /opt/cadence/incisiv/tools/methodology/UVM/CDNS-1.2/sv/src/tlm2/uvm_tlm2_ports.svh ...
Done /opt/cadence/incisiv/tools/methodology/UVM/CDNS-1.2/sv/src/tlm2/uvm_tlm2_ports.svh [6 ms, 75 lines, SystemVerilog_2012] ...
Loading (117) /opt/cadence/incisiv/tools/methodology/UVM/CDNS-1.2/sv/src/tlm2/uvm_tlm2_exports.svh ...
Done /opt/cadence/incisiv/tools/methodology/UVM/CDNS-1.2/sv/src/tlm2/uvm_tlm2_exports.svh [5 ms, 65 lines, SystemVerilog_2012] ...
Loading (118) /opt/cadence/incisiv/tools/methodology/UVM/CDNS-1.2/sv/src/tlm2/uvm_tlm2_sockets_base.svh ...
Done /opt/cadence/incisiv/tools/methodology/UVM/CDNS-1.2/sv/src/tlm2/uvm_tlm2_sockets_base.svh [13 ms, 195 lines, SystemVerilog_2012] ...
Loading (119) /opt/cadence/incisiv/tools/methodology/UVM/CDNS-1.2/sv/src/tlm2/uvm_tlm2_sockets.svh ...
Done /opt/cadence/incisiv/tools/methodology/UVM/CDNS-1.2/sv/src/tlm2/uvm_tlm2_sockets.svh [17 ms, 435 lines, SystemVerilog_2012] ...
Done /opt/cadence/incisiv/tools/methodology/UVM/CDNS-1.2/sv/src/tlm2/uvm_tlm2.svh [0 ms, 30 lines, SystemVerilog_2012] ...
Loading (120) /opt/cadence/incisiv/tools/methodology/UVM/CDNS-1.2/sv/src/reg/uvm_reg_model.svh ...
Loading (121) /opt/cadence/incisiv/tools/methodology/UVM/CDNS-1.2/sv/src/reg/uvm_reg_item.svh ...
Done /opt/cadence/incisiv/tools/methodology/UVM/CDNS-1.2/sv/src/reg/uvm_reg_item.svh [19 ms, 316 lines, SystemVerilog_2012] ...
Loading (122) /opt/cadence/incisiv/tools/methodology/UVM/CDNS-1.2/sv/src/reg/uvm_reg_adapter.svh ...
Done /opt/cadence/incisiv/tools/methodology/UVM/CDNS-1.2/sv/src/reg/uvm_reg_adapter.svh [9 ms, 254 lines, SystemVerilog_2012] ...
Loading (123) /opt/cadence/incisiv/tools/methodology/UVM/CDNS-1.2/sv/src/reg/uvm_reg_predictor.svh ...
Done /opt/cadence/incisiv/tools/methodology/UVM/CDNS-1.2/sv/src/reg/uvm_reg_predictor.svh [14 ms, 265 lines, SystemVerilog_2012] ...
Loading (124) /opt/cadence/incisiv/tools/methodology/UVM/CDNS-1.2/sv/src/reg/uvm_reg_sequence.svh ...
Done /opt/cadence/incisiv/tools/methodology/UVM/CDNS-1.2/sv/src/reg/uvm_reg_sequence.svh [21 ms, 548 lines, SystemVerilog_2012] ...
Loading (125) /opt/cadence/incisiv/tools/methodology/UVM/CDNS-1.2/sv/src/reg/uvm_reg_cbs.svh ...
Done /opt/cadence/incisiv/tools/methodology/UVM/CDNS-1.2/sv/src/reg/uvm_reg_cbs.svh [13 ms, 530 lines, SystemVerilog_2012] ...
Loading (126) /opt/cadence/incisiv/tools/methodology/UVM/CDNS-1.2/sv/src/reg/uvm_reg_backdoor.svh ...
Done /opt/cadence/incisiv/tools/methodology/UVM/CDNS-1.2/sv/src/reg/uvm_reg_backdoor.svh [14 ms, 348 lines, SystemVerilog_2012] ...
Loading (127) /opt/cadence/incisiv/tools/methodology/UVM/CDNS-1.2/sv/src/reg/uvm_reg_field.svh ...
Done /opt/cadence/incisiv/tools/methodology/UVM/CDNS-1.2/sv/src/reg/uvm_reg_field.svh [75 ms, 2013 lines, SystemVerilog_2012] ...
Loading (128) /opt/cadence/incisiv/tools/methodology/UVM/CDNS-1.2/sv/src/reg/uvm_vreg_field.svh ...
Done /opt/cadence/incisiv/tools/methodology/UVM/CDNS-1.2/sv/src/reg/uvm_vreg_field.svh [41 ms, 1005 lines, SystemVerilog_2012] ...
Loading (129) /opt/cadence/incisiv/tools/methodology/UVM/CDNS-1.2/sv/src/reg/uvm_reg.svh ...
Done /opt/cadence/incisiv/tools/methodology/UVM/CDNS-1.2/sv/src/reg/uvm_reg.svh [118 ms, 3104 lines, SystemVerilog_2012] ...
Loading (130) /opt/cadence/incisiv/tools/methodology/UVM/CDNS-1.2/sv/src/reg/uvm_reg_indirect.svh ...
Done /opt/cadence/incisiv/tools/methodology/UVM/CDNS-1.2/sv/src/reg/uvm_reg_indirect.svh [14 ms, 330 lines, SystemVerilog_2012] ...
Loading (131) /opt/cadence/incisiv/tools/methodology/UVM/CDNS-1.2/sv/src/reg/uvm_reg_fifo.svh ...
Done /opt/cadence/incisiv/tools/methodology/UVM/CDNS-1.2/sv/src/reg/uvm_reg_fifo.svh [7 ms, 311 lines, SystemVerilog_2012] ...
Loading (132) /opt/cadence/incisiv/tools/methodology/UVM/CDNS-1.2/sv/src/reg/uvm_reg_file.svh ...
Done /opt/cadence/incisiv/tools/methodology/UVM/CDNS-1.2/sv/src/reg/uvm_reg_file.svh [17 ms, 501 lines, SystemVerilog_2012] ...
Loading (133) /opt/cadence/incisiv/tools/methodology/UVM/CDNS-1.2/sv/src/reg/uvm_mem_mam.svh ...
Done /opt/cadence/incisiv/tools/methodology/UVM/CDNS-1.2/sv/src/reg/uvm_mem_mam.svh [40 ms, 1019 lines, SystemVerilog_2012] ...
Loading (134) /opt/cadence/incisiv/tools/methodology/UVM/CDNS-1.2/sv/src/reg/uvm_vreg.svh ...
Done /opt/cadence/incisiv/tools/methodology/UVM/CDNS-1.2/sv/src/reg/uvm_vreg.svh [72 ms, 1554 lines, SystemVerilog_2012] ...
Loading (135) /opt/cadence/incisiv/tools/methodology/UVM/CDNS-1.2/sv/src/reg/uvm_mem.svh ...
Done /opt/cadence/incisiv/tools/methodology/UVM/CDNS-1.2/sv/src/reg/uvm_mem.svh [78 ms, 2410 lines, SystemVerilog_2012] ...
Loading (136) /opt/cadence/incisiv/tools/methodology/UVM/CDNS-1.2/sv/src/reg/uvm_reg_map.svh ...
Done /opt/cadence/incisiv/tools/methodology/UVM/CDNS-1.2/sv/src/reg/uvm_reg_map.svh [88 ms, 2225 lines, SystemVerilog_2012] ...
Loading (137) /opt/cadence/incisiv/tools/methodology/UVM/CDNS-1.2/sv/src/reg/uvm_reg_block.svh ...
Done /opt/cadence/incisiv/tools/methodology/UVM/CDNS-1.2/sv/src/reg/uvm_reg_block.svh [80 ms, 2272 lines, SystemVerilog_2012] ...
Loading (138) /opt/cadence/incisiv/tools/methodology/UVM/CDNS-1.2/sv/src/reg/sequences/uvm_reg_hw_reset_seq.svh ...
Done /opt/cadence/incisiv/tools/methodology/UVM/CDNS-1.2/sv/src/reg/sequences/uvm_reg_hw_reset_seq.svh [7 ms, 172 lines, SystemVerilog_2012] ...
Loading (139) /opt/cadence/incisiv/tools/methodology/UVM/CDNS-1.2/sv/src/reg/sequences/uvm_reg_bit_bash_seq.svh ...
Done /opt/cadence/incisiv/tools/methodology/UVM/CDNS-1.2/sv/src/reg/sequences/uvm_reg_bit_bash_seq.svh [13 ms, 303 lines, SystemVerilog_2012] ...
Loading (140) /opt/cadence/incisiv/tools/methodology/UVM/CDNS-1.2/sv/src/reg/sequences/uvm_mem_walk_seq.svh ...
Done /opt/cadence/incisiv/tools/methodology/UVM/CDNS-1.2/sv/src/reg/sequences/uvm_mem_walk_seq.svh [15 ms, 300 lines, SystemVerilog_2012] ...
Loading (141) /opt/cadence/incisiv/tools/methodology/UVM/CDNS-1.2/sv/src/reg/sequences/uvm_mem_access_seq.svh ...
Done /opt/cadence/incisiv/tools/methodology/UVM/CDNS-1.2/sv/src/reg/sequences/uvm_mem_access_seq.svh [14 ms, 308 lines, SystemVerilog_2012] ...
Loading (142) /opt/cadence/incisiv/tools/methodology/UVM/CDNS-1.2/sv/src/reg/sequences/uvm_reg_access_seq.svh ...
Done /opt/cadence/incisiv/tools/methodology/UVM/CDNS-1.2/sv/src/reg/sequences/uvm_reg_access_seq.svh [17 ms, 366 lines, SystemVerilog_2012] ...
Loading (143) /opt/cadence/incisiv/tools/methodology/UVM/CDNS-1.2/sv/src/reg/sequences/uvm_reg_mem_shared_access_seq.svh ...
Done /opt/cadence/incisiv/tools/methodology/UVM/CDNS-1.2/sv/src/reg/sequences/uvm_reg_mem_shared_access_seq.svh [22 ms, 486 lines, SystemVerilog_2012] ...
Loading (144) /opt/cadence/incisiv/tools/methodology/UVM/CDNS-1.2/sv/src/reg/sequences/uvm_reg_mem_built_in_seq.svh ...
Done /opt/cadence/incisiv/tools/methodology/UVM/CDNS-1.2/sv/src/reg/sequences/uvm_reg_mem_built_in_seq.svh [9 ms, 139 lines, SystemVerilog_2012] ...
Loading (145) /opt/cadence/incisiv/tools/methodology/UVM/CDNS-1.2/sv/src/reg/sequences/uvm_reg_mem_hdl_paths_seq.svh ...
Done /opt/cadence/incisiv/tools/methodology/UVM/CDNS-1.2/sv/src/reg/sequences/uvm_reg_mem_hdl_paths_seq.svh [21 ms, 175 lines, SystemVerilog_2012] ...
Done /opt/cadence/incisiv/tools/methodology/UVM/CDNS-1.2/sv/src/reg/uvm_reg_model.svh [0 ms, 444 lines, SystemVerilog_2012] ...
Done /opt/cadence/incisiv/tools/methodology/UVM/CDNS-1.2/sv/src/uvm_pkg.sv [0 ms, 42 lines, SystemVerilog_2012] ...
Loading (146) /home/gabriela.anghel6/labs/p2s_uvm/rtl/ex_clk_rst_gen.v ...
Done /home/gabriela.anghel6/labs/p2s_uvm/rtl/ex_clk_rst_gen.v [3 ms, 52 lines, SystemVerilog_2012] ...
Loading (147) /home/gabriela.anghel6/labs/p2s_uvm/rtl/ex_p2s.v ...
Done /home/gabriela.anghel6/labs/p2s_uvm/rtl/ex_p2s.v [20 ms, 178 lines, SystemVerilog_2012] ...
Loading (148) /home/gabriela.anghel6/labs/p2s_uvm/tb/in/ex_in_pkg.sv ...
Loading (149) /home/gabriela.anghel6/labs/p2s_uvm/tb/in/ex_in_intf.sv ...
Done /home/gabriela.anghel6/labs/p2s_uvm/tb/in/ex_in_intf.sv [2 ms, 35 lines, SystemVerilog_2012] ...
Skip (optimized) /opt/cadence/incisiv/tools/methodology/UVM/CDNS-1.2/sv/src/uvm_macros.svh ...
Loading (150) /home/gabriela.anghel6/labs/p2s_uvm/tb/in/ex_in_cmd.svh ...
Done /home/gabriela.anghel6/labs/p2s_uvm/tb/in/ex_in_cmd.svh [30 ms, 94 lines, SystemVerilog_2012] ...
Loading (151) /home/gabriela.anghel6/labs/p2s_uvm/tb/in/ex_in_monitor.svh ...
Done /home/gabriela.anghel6/labs/p2s_uvm/tb/in/ex_in_monitor.svh [6 ms, 108 lines, SystemVerilog_2012] ...
Loading (152) /home/gabriela.anghel6/labs/p2s_uvm/tb/in/ex_in_sequencer.svh ...
Done /home/gabriela.anghel6/labs/p2s_uvm/tb/in/ex_in_sequencer.svh [0 ms, 31 lines, SystemVerilog_2012] ...
Loading (153) /home/gabriela.anghel6/labs/p2s_uvm/tb/in/ex_in_sequence.svh ...
Done /home/gabriela.anghel6/labs/p2s_uvm/tb/in/ex_in_sequence.svh [7 ms, 48 lines, SystemVerilog_2012] ...
Loading (154) /home/gabriela.anghel6/labs/p2s_uvm/tb/in/ex_in_driver.svh ...
Done /home/gabriela.anghel6/labs/p2s_uvm/tb/in/ex_in_driver.svh [4 ms, 95 lines, SystemVerilog_2012] ...
Loading (155) /home/gabriela.anghel6/labs/p2s_uvm/tb/in/ex_in_agent.svh ...
Done /home/gabriela.anghel6/labs/p2s_uvm/tb/in/ex_in_agent.svh [2 ms, 48 lines, SystemVerilog_2012] ...
Done /home/gabriela.anghel6/labs/p2s_uvm/tb/in/ex_in_pkg.sv [0 ms, 42 lines, SystemVerilog_2012] ...
Loading (156) /home/gabriela.anghel6/labs/p2s_uvm/tb/out/ex_out_pkg.sv ...
Loading (157) /home/gabriela.anghel6/labs/p2s_uvm/tb/out/ex_out_intf.sv ...
Done /home/gabriela.anghel6/labs/p2s_uvm/tb/out/ex_out_intf.sv [1 ms, 31 lines, SystemVerilog_2012] ...
Skip (optimized) /opt/cadence/incisiv/tools/methodology/UVM/CDNS-1.2/sv/src/uvm_macros.svh ...
Loading (158) /home/gabriela.anghel6/labs/p2s_uvm/tb/out/ex_out_serial_obj.svh ...
Done /home/gabriela.anghel6/labs/p2s_uvm/tb/out/ex_out_serial_obj.svh [36 ms, 93 lines, SystemVerilog_2012] ...
Loading (159) /home/gabriela.anghel6/labs/p2s_uvm/tb/out/ex_out_monitor.svh ...
Done /home/gabriela.anghel6/labs/p2s_uvm/tb/out/ex_out_monitor.svh [5 ms, 167 lines, SystemVerilog_2012] ...
Loading (160) /home/gabriela.anghel6/labs/p2s_uvm/tb/out/ex_out_agent.svh ...
Done /home/gabriela.anghel6/labs/p2s_uvm/tb/out/ex_out_agent.svh [1 ms, 38 lines, SystemVerilog_2012] ...
Done /home/gabriela.anghel6/labs/p2s_uvm/tb/out/ex_out_pkg.sv [0 ms, 38 lines, SystemVerilog_2012] ...
Loading (161) /home/gabriela.anghel6/labs/p2s_uvm/tb/ex_pkg.sv ...
Skip (optimized) /opt/cadence/incisiv/tools/methodology/UVM/CDNS-1.2/sv/src/uvm_macros.svh ...
Loading (162) /home/gabriela.anghel6/labs/p2s_uvm/tb/ex_scoreboard.svh ...
Done /home/gabriela.anghel6/labs/p2s_uvm/tb/ex_scoreboard.svh [6 ms, 117 lines, SystemVerilog_2012] ...
Loading (163) /home/gabriela.anghel6/labs/p2s_uvm/tb/ex_env.svh ...
Done /home/gabriela.anghel6/labs/p2s_uvm/tb/ex_env.svh [2 ms, 54 lines, SystemVerilog_2012] ...
Done /home/gabriela.anghel6/labs/p2s_uvm/tb/ex_pkg.sv [0 ms, 39 lines, SystemVerilog_2012] ...
Loading (164) /home/gabriela.anghel6/labs/p2s_uvm/tb/tests/ex_test_pkg.sv ...
Skip (optimized) /opt/cadence/incisiv/tools/methodology/UVM/CDNS-1.2/sv/src/uvm_macros.svh ...
Loading (165) /home/gabriela.anghel6/labs/p2s_uvm/tb/tests/ex_test.svh ...
Done /home/gabriela.anghel6/labs/p2s_uvm/tb/tests/ex_test.svh [3 ms, 56 lines, SystemVerilog_2012] ...
Done /home/gabriela.anghel6/labs/p2s_uvm/tb/tests/ex_test_pkg.sv [0 ms, 37 lines, SystemVerilog_2012] ...
Loading (166) /home/gabriela.anghel6/labs/p2s_uvm/tb/ex_top.sv ...
Done /home/gabriela.anghel6/labs/p2s_uvm/tb/ex_top.sv [2 ms, 61 lines, SystemVerilog_2012] ...
*** Done parsing [LT 9866.0 ms, PT 11584.0 ms, SGT 4%, UGT 4%] ***
*** Total number of lines [78 102] ***
Performing post full build actions ...
Performing post full build step 1 (SRI) [4 ms] ...
Performing post full build step 2 (RI) [7 ms] ...
Performing post full build step 3 (RCP) [34 ms] ...
*** Done SystemVerilog build [11s.921ms] ***
*** Start mixed mode extension build ***
Performing mixed post full build step 1 (Verilog - RI) [6 ms] ...
Performing mixed post full build step 2 (Verilog - RC) [1 ms] ...
Elaborate top design elements:
    work:ex_top (-top work.ex_top)
Performing mixed post full build step 3 (Verilog - RPC) [4 ms] ...
Performing mixed post full build step 4 (Verilog - RD) [56 ms] ...
Performing mixed post full build step 5 (Verilog - FSC) [955 ms] ...
Performing mixed post full build step 6 (Verilog - EV) [354 ms] ...
Performing mixed post full build step 7 (Verilog - US) [51 ms] ...
*** Done mixed mode extension build [1s.604ms] ***
*** Start adding/validating the DVT Auto-Linked resources ***
*** Done adding/validating the DVT Auto-Linked resources [30 ms] ***
*** Total build time [16s.211ms] ***
